Determining if the pthread_create exist failed with the following output:
Change Dir: /home/ubuntu/ros_ws/build/CMakeFiles/CMakeTmp

Run Build Command:"/usr/bin/make" "cmTC_e6d51/fast"
/usr/bin/make -f CMakeFiles/cmTC_e6d51.dir/build.make CMakeFiles/cmTC_e6d51.dir/build
make[1]: Entering directory '/home/ubuntu/ros_ws/build/CMakeFiles/CMakeTmp'
Building C object CMakeFiles/cmTC_e6d51.dir/CheckSymbolExists.c.o
/usr/bin/cc     -o CMakeFiles/cmTC_e6d51.dir/CheckSymbolExists.c.o   -c /home/ubuntu/ros_ws/build/CMakeFiles/CMakeTmp/CheckSymbolExists.c
Linking C executable cmTC_e6d51
/usr/bin/cmake -E cmake_link_script CMakeFiles/cmTC_e6d51.dir/link.txt --verbose=1
/usr/bin/cc       CMakeFiles/cmTC_e6d51.dir/CheckSymbolExists.c.o  -o cmTC_e6d51 -rdynamic 
CMakeFiles/cmTC_e6d51.dir/CheckSymbolExists.c.o: In function `main':
CheckSymbolExists.c:(.text+0x14): undefined reference to `pthread_create'
CheckSymbolExists.c:(.text+0x18): undefined reference to `pthread_create'
collect2: error: ld returned 1 exit status
CMakeFiles/cmTC_e6d51.dir/build.make:97: recipe for target 'cmTC_e6d51' failed
make[1]: *** [cmTC_e6d51] Error 1
make[1]: Leaving directory '/home/ubuntu/ros_ws/build/CMakeFiles/CMakeTmp'
Makefile:126: recipe for target 'cmTC_e6d51/fast' failed
make: *** [cmTC_e6d51/fast] Error 2

File /home/ubuntu/ros_ws/build/CMakeFiles/CMakeTmp/CheckSymbolExists.c:
/* */
#include <pthread.h>

int main(int argc, char** argv)
{
  (void)argv;
#ifndef pthread_create
  return ((int*)(&pthread_create))[argc];
#else
  (void)argc;
  return 0;
#endif
}

Determining if the function pthread_create exists in the pthreads failed with the following output:
Change Dir: /home/ubuntu/ros_ws/build/CMakeFiles/CMakeTmp

Run Build Command:"/usr/bin/make" "cmTC_60392/fast"
/usr/bin/make -f CMakeFiles/cmTC_60392.dir/build.make CMakeFiles/cmTC_60392.dir/build
make[1]: Entering directory '/home/ubuntu/ros_ws/build/CMakeFiles/CMakeTmp'
Building C object CMakeFiles/cmTC_60392.dir/CheckFunctionExists.c.o
/usr/bin/cc    -DCHECK_FUNCTION_EXISTS=pthread_create   -o CMakeFiles/cmTC_60392.dir/CheckFunctionExists.c.o   -c /usr/share/cmake-3.5/Modules/CheckFunctionExists.c
Linking C executable cmTC_60392
/usr/bin/cmake -E cmake_link_script CMakeFiles/cmTC_60392.dir/link.txt --verbose=1
/usr/bin/cc   -DCHECK_FUNCTION_EXISTS=pthread_create    CMakeFiles/cmTC_60392.dir/CheckFunctionExists.c.o  -o cmTC_60392 -rdynamic -lpthreads 
/usr/bin/ld: cannot find -lpthreads
collect2: error: ld returned 1 exit status
CMakeFiles/cmTC_60392.dir/build.make:97: recipe for target 'cmTC_60392' failed
make[1]: *** [cmTC_60392] Error 1
make[1]: Leaving directory '/home/ubuntu/ros_ws/build/CMakeFiles/CMakeTmp'
Makefile:126: recipe for target 'cmTC_60392/fast' failed
make: *** [cmTC_60392/fast] Error 2


Determining if the CL_VERSION_2_0 exist failed with the following output:
Change Dir: /home/ubuntu/ros_ws/build/CMakeFiles/CMakeTmp

Run Build Command:"/usr/bin/make" "cmTC_4e20b/fast"
/usr/bin/make -f CMakeFiles/cmTC_4e20b.dir/build.make CMakeFiles/cmTC_4e20b.dir/build
make[1]: Entering directory '/home/ubuntu/ros_ws/build/CMakeFiles/CMakeTmp'
Building C object CMakeFiles/cmTC_4e20b.dir/CheckSymbolExists.c.o
/usr/bin/cc     -o CMakeFiles/cmTC_4e20b.dir/CheckSymbolExists.c.o   -c /home/ubuntu/ros_ws/build/CMakeFiles/CMakeTmp/CheckSymbolExists.c
/home/ubuntu/ros_ws/build/CMakeFiles/CMakeTmp/CheckSymbolExists.c:2:47: fatal error: OpenCL_INCLUDE_DIR-NOTFOUND/CL/cl.h: No such file or directory
compilation terminated.
CMakeFiles/cmTC_4e20b.dir/build.make:65: recipe for target 'CMakeFiles/cmTC_4e20b.dir/CheckSymbolExists.c.o' failed
make[1]: *** [CMakeFiles/cmTC_4e20b.dir/CheckSymbolExists.c.o] Error 1
make[1]: Leaving directory '/home/ubuntu/ros_ws/build/CMakeFiles/CMakeTmp'
Makefile:126: recipe for target 'cmTC_4e20b/fast' failed
make: *** [cmTC_4e20b/fast] Error 2

File /home/ubuntu/ros_ws/build/CMakeFiles/CMakeTmp/CheckSymbolExists.c:
/* */
#include <OpenCL_INCLUDE_DIR-NOTFOUND/CL/cl.h>

int main(int argc, char** argv)
{
  (void)argv;
#ifndef CL_VERSION_2_0
  return ((int*)(&CL_VERSION_2_0))[argc];
#else
  (void)argc;
  return 0;
#endif
}

Determining if the CL_VERSION_1_2 exist failed with the following output:
Change Dir: /home/ubuntu/ros_ws/build/CMakeFiles/CMakeTmp

Run Build Command:"/usr/bin/make" "cmTC_4262f/fast"
/usr/bin/make -f CMakeFiles/cmTC_4262f.dir/build.make CMakeFiles/cmTC_4262f.dir/build
make[1]: Entering directory '/home/ubuntu/ros_ws/build/CMakeFiles/CMakeTmp'
Building C object CMakeFiles/cmTC_4262f.dir/CheckSymbolExists.c.o
/usr/bin/cc     -o CMakeFiles/cmTC_4262f.dir/CheckSymbolExists.c.o   -c /home/ubuntu/ros_ws/build/CMakeFiles/CMakeTmp/CheckSymbolExists.c
/home/ubuntu/ros_ws/build/CMakeFiles/CMakeTmp/CheckSymbolExists.c:2:47: fatal error: OpenCL_INCLUDE_DIR-NOTFOUND/CL/cl.h: No such file or directory
compilation terminated.
CMakeFiles/cmTC_4262f.dir/build.make:65: recipe for target 'CMakeFiles/cmTC_4262f.dir/CheckSymbolExists.c.o' failed
make[1]: *** [CMakeFiles/cmTC_4262f.dir/CheckSymbolExists.c.o] Error 1
make[1]: Leaving directory '/home/ubuntu/ros_ws/build/CMakeFiles/CMakeTmp'
Makefile:126: recipe for target 'cmTC_4262f/fast' failed
make: *** [cmTC_4262f/fast] Error 2

File /home/ubuntu/ros_ws/build/CMakeFiles/CMakeTmp/CheckSymbolExists.c:
/* */
#include <OpenCL_INCLUDE_DIR-NOTFOUND/CL/cl.h>

int main(int argc, char** argv)
{
  (void)argv;
#ifndef CL_VERSION_1_2
  return ((int*)(&CL_VERSION_1_2))[argc];
#else
  (void)argc;
  return 0;
#endif
}

Determining if the CL_VERSION_1_1 exist failed with the following output:
Change Dir: /home/ubuntu/ros_ws/build/CMakeFiles/CMakeTmp

Run Build Command:"/usr/bin/make" "cmTC_963f5/fast"
/usr/bin/make -f CMakeFiles/cmTC_963f5.dir/build.make CMakeFiles/cmTC_963f5.dir/build
make[1]: Entering directory '/home/ubuntu/ros_ws/build/CMakeFiles/CMakeTmp'
Building C object CMakeFiles/cmTC_963f5.dir/CheckSymbolExists.c.o
/usr/bin/cc     -o CMakeFiles/cmTC_963f5.dir/CheckSymbolExists.c.o   -c /home/ubuntu/ros_ws/build/CMakeFiles/CMakeTmp/CheckSymbolExists.c
/home/ubuntu/ros_ws/build/CMakeFiles/CMakeTmp/CheckSymbolExists.c:2:47: fatal error: OpenCL_INCLUDE_DIR-NOTFOUND/CL/cl.h: No such file or directory
compilation terminated.
CMakeFiles/cmTC_963f5.dir/build.make:65: recipe for target 'CMakeFiles/cmTC_963f5.dir/CheckSymbolExists.c.o' failed
make[1]: *** [CMakeFiles/cmTC_963f5.dir/CheckSymbolExists.c.o] Error 1
make[1]: Leaving directory '/home/ubuntu/ros_ws/build/CMakeFiles/CMakeTmp'
Makefile:126: recipe for target 'cmTC_963f5/fast' failed
make: *** [cmTC_963f5/fast] Error 2

File /home/ubuntu/ros_ws/build/CMakeFiles/CMakeTmp/CheckSymbolExists.c:
/* */
#include <OpenCL_INCLUDE_DIR-NOTFOUND/CL/cl.h>

int main(int argc, char** argv)
{
  (void)argv;
#ifndef CL_VERSION_1_1
  return ((int*)(&CL_VERSION_1_1))[argc];
#else
  (void)argc;
  return 0;
#endif
}

Determining if the CL_VERSION_1_0 exist failed with the following output:
Change Dir: /home/ubuntu/ros_ws/build/CMakeFiles/CMakeTmp

Run Build Command:"/usr/bin/make" "cmTC_614f7/fast"
/usr/bin/make -f CMakeFiles/cmTC_614f7.dir/build.make CMakeFiles/cmTC_614f7.dir/build
make[1]: Entering directory '/home/ubuntu/ros_ws/build/CMakeFiles/CMakeTmp'
Building C object CMakeFiles/cmTC_614f7.dir/CheckSymbolExists.c.o
/usr/bin/cc     -o CMakeFiles/cmTC_614f7.dir/CheckSymbolExists.c.o   -c /home/ubuntu/ros_ws/build/CMakeFiles/CMakeTmp/CheckSymbolExists.c
/home/ubuntu/ros_ws/build/CMakeFiles/CMakeTmp/CheckSymbolExists.c:2:47: fatal error: OpenCL_INCLUDE_DIR-NOTFOUND/CL/cl.h: No such file or directory
compilation terminated.
CMakeFiles/cmTC_614f7.dir/build.make:65: recipe for target 'CMakeFiles/cmTC_614f7.dir/CheckSymbolExists.c.o' failed
make[1]: *** [CMakeFiles/cmTC_614f7.dir/CheckSymbolExists.c.o] Error 1
make[1]: Leaving directory '/home/ubuntu/ros_ws/build/CMakeFiles/CMakeTmp'
Makefile:126: recipe for target 'cmTC_614f7/fast' failed
make: *** [cmTC_614f7/fast] Error 2

File /home/ubuntu/ros_ws/build/CMakeFiles/CMakeTmp/CheckSymbolExists.c:
/* */
#include <OpenCL_INCLUDE_DIR-NOTFOUND/CL/cl.h>

int main(int argc, char** argv)
{
  (void)argv;
#ifndef CL_VERSION_1_0
  return ((int*)(&CL_VERSION_1_0))[argc];
#else
  (void)argc;
  return 0;
#endif
}

